     1                                  bits 32
     2                                  
     3                                  global start        
     4                                  
     5                                  extern exit
     6                                  import exit msvcrt.dll    
     7                                  
     8                                  segment data use32 class=data
     9 00000000 01                          a1 db 1
    10 00000001 02                          b1 db 2
    11 00000002 03                          c1 db 3
    12 00000003 0400                        d1 dw 4
    13 00000005 00                          r1 db 0
    14                                  
    15                                  segment code use32 class=code
    16                                      start:
    17                                          ; (d-b*c+b*2)/a 
    18                                          
    19 00000000 668B1D[03000000]                mov bx, [d1]    ; bx = d = 4
    20                                          
    21 00000007 A0[01000000]                    mov al, [b1]    ; al = b
    22 0000000C F625[02000000]                  mul byte [c1]   ; ax = b*c = 6
    23 00000012 6629C3                          sub bx, ax      ; bx = d-b*c
    24                                          
    25 00000015 A0[01000000]                    mov al, [b1]    ; al = b
    26 0000001A B102                            mov cl, 2       ; cl = 2
    27 0000001C F6E1                            mul cl          ; ax = b*2 = 4
    28 0000001E 6601C3                          add bx, ax      ; bx = d-b*c+b*2
    29                                          
    30 00000021 6689D8                          mov ax, bx      ; ax = d-b*c+b*2
    31 00000024 F635[00000000]                  div byte [a1]   ; al = (d-b*c+b*2)/a = (4-6+4)/1 = 2
    32                                          
    33 0000002A A2[05000000]                    mov [r1], al    ; r = 2 = 02h
    34                                          
    35                                          ; exit(0)
    36 0000002F 6A00                            push dword 0
    37 00000031 FF15[00000000]                  call [exit]
