     1                                  bits 32
     2                                  
     3                                  global start        
     4                                  
     5                                  extern exit
     6                                  import exit msvcrt.dll    
     7                                  
     8                                  segment data use32 class=data
     9 00000000 160DF0B4                    M dd 10110100_11110000_00001101_00010110b
    10 00000004 11CC0F55                    N dd 01010101_00001111_11001100_00010001b
    11 00000008 00000000                    P dd 0
    12                                      
    13                                  segment code use32 class=code
    14                                      start:
    15                                          ; the bits 0-6 of P are the same as the bits 10-16 of M
    16                                          ; the bits 7-20 of P are the same as the bits 7-20 of (M AND N).
    17                                          ; the bits 21-31 of P are the same as the bits 1-11 of N.
    18                                          
    19 00000000 A1[00000000]                    mov eax, [M]
    20 00000005 2500FC0100                      and eax, 00000000_00000001_11111100_00000000b   ; isolate bits 10-16 of M
    21 0000000A C1C80A                          ror eax, 10
    22 0000000D 0905[08000000]                  or [P], eax ; the bits 0-6 of P are the same as the bits 10-16 of M
    23                                          
    24 00000013 A1[00000000]                    mov eax, [M]
    25 00000018 2305[04000000]                  and eax, [N]
    26 0000001E 2580FF1F00                      and eax, 00000000_00011111_11111111_10000000b   ; isolate bits 7-20 of (M AND N)
    27 00000023 0905[08000000]                  or [P], eax ; the bits 7-20 of P are the same as the bits 7-20 of (M AND N).
    28                                          
    29 00000029 A1[04000000]                    mov eax, [N]
    30 0000002E 25FE0F0000                      and eax, 00000000_00000000_00001111_11111110b   ; isolate bits 1-11 of N
    31 00000033 C1C014                          rol eax, 20
    32 00000036 0905[08000000]                  or [P], eax ; the bits 21-31 of P are the same as the bits 1-11 of N.
    33                                          
    34                                          ;                         X_XXXXXX
    35                                          ; M     = 10110100_11110000_00001101_00010110b
    36                                          ;                               XXXX_XXXXXXX
    37                                          ; N     = 01010101_00001111_11001100_00010001b
    38                                          ;                     XXXXX_XXXXXXXX_X
    39                                          ; M&N   = 00010100_00000000_00001100_00010000b
    40                                          ; P     = 11000001_00000000_00001100_00000011b = C1000C03h
    41                                          
    42                                          ; exit(0)
    43 0000003C 6A00                            push dword 0
    44 0000003E FF15[00000000]                  call [exit]
