     1                                  bits 32
     2                                  
     3                                  global start        
     4                                  
     5                                  extern exit, fopen, fprintf, fclose
     6                                  import exit msvcrt.dll
     7                                  import fopen msvcrt.dll
     8                                  import fprintf msvcrt.dll
     9                                  import fclose msvcrt.dll
    10                                  
    11                                  segment data use32 class=data
    12 00000000 612362436431293233-         text db "a#bCd1)23[4{}5;", 0
    12 00000009 5B347B7D353B00     
    13                                      len equ ($-text)
    14                                      
    15 00000010 746573742E74787400          file_name db "test.txt", 0
    16 00000019 7700                        access_mode db "w", 0
    17 0000001B FFFFFFFF                    file_descriptor dd -1
    18                                  
    19                                  segment code use32 class=code
    20                                      start:
    21                                          ; fopen(file_name, access_mode)
    22 00000000 68[19000000]                    push dword access_mode     
    23 00000005 68[10000000]                    push dword file_name
    24 0000000A FF15[00000000]                  call [fopen]
    25 00000010 83C408                          add esp, 4 * 2
    26                                          
    27 00000013 83F800                          cmp eax, 0
    28 00000016 7460                            je program_end      ; end program if file was not created successfully
    29                                          
    30 00000018 A3[1B000000]                    mov [file_descriptor], eax
    31                                          
    32 0000001D BE[00000000]                    mov esi, text
    33 00000022 BF[00000000]                    mov edi, text
    34 00000027 FC                              cld
    35 00000028 B910000000                      mov ecx, len
    36 0000002D E33A                            jecxz close_file    ; close file if len is 0
    37                                          
    38                                          loop_1:
    39 0000002F AC                                  lodsb           ; al = text(i)
    40                                              
    41                                              ; ' ' to '/'
    42 00000030 3C20                                cmp al, ' '
    43 00000032 721E                                jb not_special
    44 00000034 3C2F                                cmp al, '/'
    45 00000036 7218                                jb special
    46                                              
    47                                              ; ':' to '@' 
    48 00000038 3C3B                                cmp al, ';'
    49 0000003A 7216                                jb not_special
    50 0000003C 3C40                                cmp al, '@'
    51 0000003E 7210                                jb special
    52                                              
    53                                              ; '[' to '`' 
    54 00000040 3C5B                                cmp al, '['
    55 00000042 720E                                jb not_special
    56 00000044 3C60                                cmp al, '`'
    57 00000046 7208                                jb special
    58                                              
    59                                              ; '{' to '~' 
    60 00000048 3C7B                                cmp al, '{'
    61 0000004A 7206                                jb not_special
    62 0000004C 3C7E                                cmp al, '~'
    63 0000004E 7200                                jb special
    64                                              
    65                                              special:
    66 00000050 B058                                mov al, "X"
    67                                              
    68                                              not_special:
    69 00000052 AA                                  stosb
    70                                              
    71 00000053 E2DA                            loop loop_1
    72                                          
    73                                          ; fprintf(file_descriptor, text)
    74 00000055 68[00000000]                    push dword text
    75 0000005A FF35[1B000000]                  push dword [file_descriptor]
    76 00000060 FF15[00000000]                  call [fprintf]
    77 00000066 83C408                          add esp, 4 * 2
    78                                          
    79                                          close_file:
    80                                          ; fclose(file_descriptor)
    81 00000069 FF35[1B000000]                  push dword [file_descriptor]
    82 0000006F FF15[00000000]                  call [fclose]
    83 00000075 83C404                          add esp, 4 * 1
    84                                          
    85                                          program_end:
    86                                          ; exit(0)
    87 00000078 6A00                            push dword 0
    88 0000007A FF15[00000000]                  call [exit]
